[2020-06-19 11:20:06] php.DEBUG: fsockopen(): unable to connect to 127.0.0.1:8000 (Connection refused) {"type":2,"file":"/Applications/MAMP/htdocs/todo-and-co/vendor/symfony/symfony/src/Symfony/Bundle/FrameworkBundle/Command/ServerCommand.php","line":59,"level":28928} []
[2020-06-19 11:20:11] request.INFO: Matched route "{route}". {"route":"homepage","route_parameters":{"_controller":"AppBundle\\Controller\\DefaultController::indexAction","_route":"homepage"},"request_uri":"http://127.0.0.1:8000/","method":"GET"} []
[2020-06-19 11:20:11] security.INFO: Populated the TokenStorage with an anonymous Token. [] []
[2020-06-19 11:20:11] security.DEBUG: Access denied, the user is not fully authenticated; redirecting to authentication entry point. {"exception":"[object] (Symfony\\Component\\Security\\Core\\Exception\\AccessDeniedException(code: 403): Access Denied. at /Applications/MAMP/htdocs/todo-and-co/vendor/symfony/symfony/src/Symfony/Component/Security/Http/Firewall/AccessListener.php:70)"} []
[2020-06-19 11:20:11] security.DEBUG: Calling Authentication entry point. [] []
[2020-06-19 11:20:11] request.INFO: Matched route "{route}". {"route":"login","route_parameters":{"_controller":"AppBundle\\Controller\\SecurityController::loginAction","_route":"login"},"request_uri":"http://127.0.0.1:8000/login","method":"GET"} []
[2020-06-19 11:20:11] security.INFO: Populated the TokenStorage with an anonymous Token. [] []
[2020-06-19 11:20:11] request.CRITICAL: Uncaught PHP Exception Symfony\Component\Debug\Exception\ContextErrorException: "Warning: "continue" targeting switch is equivalent to "break". Did you mean to use "continue 2"?" at /Applications/MAMP/htdocs/todo-and-co/vendor/doctrine/orm/lib/Doctrine/ORM/UnitOfWork.php line 2627 {"exception":"[object] (Symfony\\Component\\Debug\\Exception\\ContextErrorException(code: 0): Warning: \"continue\" targeting switch is equivalent to \"break\". Did you mean to use \"continue 2\"? at /Applications/MAMP/htdocs/todo-and-co/vendor/doctrine/orm/lib/Doctrine/ORM/UnitOfWork.php:2627)"} []
[2020-06-19 11:20:11] request.CRITICAL: Exception thrown when handling an exception (RuntimeException: The autoloader expected class "Doctrine\ORM\UnitOfWork" to be defined in file "/Applications/MAMP/htdocs/todo-and-co/vendor/composer/../doctrine/orm/lib/Doctrine/ORM/UnitOfWork.php". The file was found but the class was not in it, the class name or namespace probably has a typo. at /Applications/MAMP/htdocs/todo-and-co/vendor/symfony/symfony/src/Symfony/Component/Debug/DebugClassLoader.php line 223) {"exception":"[object] (RuntimeException(code: 0): The autoloader expected class \"Doctrine\\ORM\\UnitOfWork\" to be defined in file \"/Applications/MAMP/htdocs/todo-and-co/vendor/composer/../doctrine/orm/lib/Doctrine/ORM/UnitOfWork.php\". The file was found but the class was not in it, the class name or namespace probably has a typo. at /Applications/MAMP/htdocs/todo-and-co/vendor/symfony/symfony/src/Symfony/Component/Debug/DebugClassLoader.php:223)"} []
[2020-06-19 11:20:11] request.CRITICAL: Uncaught PHP Exception RuntimeException: "The autoloader expected class "Doctrine\ORM\UnitOfWork" to be defined in file "/Applications/MAMP/htdocs/todo-and-co/vendor/composer/../doctrine/orm/lib/Doctrine/ORM/UnitOfWork.php". The file was found but the class was not in it, the class name or namespace probably has a typo." at /Applications/MAMP/htdocs/todo-and-co/vendor/symfony/symfony/src/Symfony/Component/Debug/DebugClassLoader.php line 223 {"exception":"[object] (RuntimeException(code: 0): The autoloader expected class \"Doctrine\\ORM\\UnitOfWork\" to be defined in file \"/Applications/MAMP/htdocs/todo-and-co/vendor/composer/../doctrine/orm/lib/Doctrine/ORM/UnitOfWork.php\". The file was found but the class was not in it, the class name or namespace probably has a typo. at /Applications/MAMP/htdocs/todo-and-co/vendor/symfony/symfony/src/Symfony/Component/Debug/DebugClassLoader.php:223, Symfony\\Component\\Debug\\Exception\\ContextErrorException(code: 0): Warning: \"continue\" targeting switch is equivalent to \"break\". Did you mean to use \"continue 2\"? at /Applications/MAMP/htdocs/todo-and-co/vendor/doctrine/orm/lib/Doctrine/ORM/UnitOfWork.php:2627)"} []
[2020-06-19 11:20:12] request.CRITICAL: Exception thrown when handling an exception (RuntimeException: The autoloader expected class "Doctrine\ORM\UnitOfWork" to be defined in file "/Applications/MAMP/htdocs/todo-and-co/vendor/composer/../doctrine/orm/lib/Doctrine/ORM/UnitOfWork.php". The file was found but the class was not in it, the class name or namespace probably has a typo. at /Applications/MAMP/htdocs/todo-and-co/vendor/symfony/symfony/src/Symfony/Component/Debug/DebugClassLoader.php line 223) {"exception":"[object] (RuntimeException(code: 0): The autoloader expected class \"Doctrine\\ORM\\UnitOfWork\" to be defined in file \"/Applications/MAMP/htdocs/todo-and-co/vendor/composer/../doctrine/orm/lib/Doctrine/ORM/UnitOfWork.php\". The file was found but the class was not in it, the class name or namespace probably has a typo. at /Applications/MAMP/htdocs/todo-and-co/vendor/symfony/symfony/src/Symfony/Component/Debug/DebugClassLoader.php:223)"} []
[2020-06-19 11:21:01] request.INFO: Matched route "{route}". {"route":"homepage","route_parameters":{"_controller":"AppBundle\\Controller\\DefaultController::indexAction","_route":"homepage"},"request_uri":"http://127.0.0.1:8000/","method":"GET"} []
[2020-06-19 11:21:01] security.INFO: Populated the TokenStorage with an anonymous Token. [] []
[2020-06-19 11:21:01] security.DEBUG: Access denied, the user is not fully authenticated; redirecting to authentication entry point. {"exception":"[object] (Symfony\\Component\\Security\\Core\\Exception\\AccessDeniedException(code: 403): Access Denied. at /Applications/MAMP/htdocs/todo-and-co/vendor/symfony/symfony/src/Symfony/Component/Security/Http/Firewall/AccessListener.php:70)"} []
[2020-06-19 11:21:01] security.DEBUG: Calling Authentication entry point. [] []
[2020-06-19 11:21:02] request.INFO: Matched route "{route}". {"route":"login","route_parameters":{"_controller":"AppBundle\\Controller\\SecurityController::loginAction","_route":"login"},"request_uri":"http://127.0.0.1:8000/login","method":"GET"} []
[2020-06-19 11:21:02] security.INFO: Populated the TokenStorage with an anonymous Token. [] []
[2020-06-19 11:21:02] request.CRITICAL: Uncaught PHP Exception Symfony\Component\Debug\Exception\ContextErrorException: "Warning: "continue" targeting switch is equivalent to "break". Did you mean to use "continue 2"?" at /Applications/MAMP/htdocs/todo-and-co/vendor/doctrine/orm/lib/Doctrine/ORM/UnitOfWork.php line 2627 {"exception":"[object] (Symfony\\Component\\Debug\\Exception\\ContextErrorException(code: 0): Warning: \"continue\" targeting switch is equivalent to \"break\". Did you mean to use \"continue 2\"? at /Applications/MAMP/htdocs/todo-and-co/vendor/doctrine/orm/lib/Doctrine/ORM/UnitOfWork.php:2627)"} []
[2020-06-19 11:21:02] request.CRITICAL: Exception thrown when handling an exception (RuntimeException: The autoloader expected class "Doctrine\ORM\UnitOfWork" to be defined in file "/Applications/MAMP/htdocs/todo-and-co/vendor/composer/../doctrine/orm/lib/Doctrine/ORM/UnitOfWork.php". The file was found but the class was not in it, the class name or namespace probably has a typo. at /Applications/MAMP/htdocs/todo-and-co/vendor/symfony/symfony/src/Symfony/Component/Debug/DebugClassLoader.php line 223) {"exception":"[object] (RuntimeException(code: 0): The autoloader expected class \"Doctrine\\ORM\\UnitOfWork\" to be defined in file \"/Applications/MAMP/htdocs/todo-and-co/vendor/composer/../doctrine/orm/lib/Doctrine/ORM/UnitOfWork.php\". The file was found but the class was not in it, the class name or namespace probably has a typo. at /Applications/MAMP/htdocs/todo-and-co/vendor/symfony/symfony/src/Symfony/Component/Debug/DebugClassLoader.php:223)"} []
[2020-06-19 11:21:02] request.CRITICAL: Uncaught PHP Exception RuntimeException: "The autoloader expected class "Doctrine\ORM\UnitOfWork" to be defined in file "/Applications/MAMP/htdocs/todo-and-co/vendor/composer/../doctrine/orm/lib/Doctrine/ORM/UnitOfWork.php". The file was found but the class was not in it, the class name or namespace probably has a typo." at /Applications/MAMP/htdocs/todo-and-co/vendor/symfony/symfony/src/Symfony/Component/Debug/DebugClassLoader.php line 223 {"exception":"[object] (RuntimeException(code: 0): The autoloader expected class \"Doctrine\\ORM\\UnitOfWork\" to be defined in file \"/Applications/MAMP/htdocs/todo-and-co/vendor/composer/../doctrine/orm/lib/Doctrine/ORM/UnitOfWork.php\". The file was found but the class was not in it, the class name or namespace probably has a typo. at /Applications/MAMP/htdocs/todo-and-co/vendor/symfony/symfony/src/Symfony/Component/Debug/DebugClassLoader.php:223, Symfony\\Component\\Debug\\Exception\\ContextErrorException(code: 0): Warning: \"continue\" targeting switch is equivalent to \"break\". Did you mean to use \"continue 2\"? at /Applications/MAMP/htdocs/todo-and-co/vendor/doctrine/orm/lib/Doctrine/ORM/UnitOfWork.php:2627)"} []
[2020-06-19 11:21:02] request.CRITICAL: Exception thrown when handling an exception (RuntimeException: The autoloader expected class "Doctrine\ORM\UnitOfWork" to be defined in file "/Applications/MAMP/htdocs/todo-and-co/vendor/composer/../doctrine/orm/lib/Doctrine/ORM/UnitOfWork.php". The file was found but the class was not in it, the class name or namespace probably has a typo. at /Applications/MAMP/htdocs/todo-and-co/vendor/symfony/symfony/src/Symfony/Component/Debug/DebugClassLoader.php line 223) {"exception":"[object] (RuntimeException(code: 0): The autoloader expected class \"Doctrine\\ORM\\UnitOfWork\" to be defined in file \"/Applications/MAMP/htdocs/todo-and-co/vendor/composer/../doctrine/orm/lib/Doctrine/ORM/UnitOfWork.php\". The file was found but the class was not in it, the class name or namespace probably has a typo. at /Applications/MAMP/htdocs/todo-and-co/vendor/symfony/symfony/src/Symfony/Component/Debug/DebugClassLoader.php:223)"} []
[2020-06-19 12:34:47] request.INFO: Matched route "{route}". {"route":"login","route_parameters":{"_controller":"AppBundle\\Controller\\SecurityController::loginAction","_route":"login"},"request_uri":"http://127.0.0.1:8000/login","method":"GET"} []
[2020-06-19 12:34:47] security.INFO: Populated the TokenStorage with an anonymous Token. [] []
[2020-06-19 12:34:47] request.CRITICAL: Uncaught PHP Exception Symfony\Component\Debug\Exception\ContextErrorException: "Warning: "continue" targeting switch is equivalent to "break". Did you mean to use "continue 2"?" at /Applications/MAMP/htdocs/todo-and-co/vendor/doctrine/orm/lib/Doctrine/ORM/UnitOfWork.php line 2627 {"exception":"[object] (Symfony\\Component\\Debug\\Exception\\ContextErrorException(code: 0): Warning: \"continue\" targeting switch is equivalent to \"break\". Did you mean to use \"continue 2\"? at /Applications/MAMP/htdocs/todo-and-co/vendor/doctrine/orm/lib/Doctrine/ORM/UnitOfWork.php:2627)"} []
[2020-06-19 12:34:48] request.CRITICAL: Exception thrown when handling an exception (RuntimeException: The autoloader expected class "Doctrine\ORM\UnitOfWork" to be defined in file "/Applications/MAMP/htdocs/todo-and-co/vendor/composer/../doctrine/orm/lib/Doctrine/ORM/UnitOfWork.php". The file was found but the class was not in it, the class name or namespace probably has a typo. at /Applications/MAMP/htdocs/todo-and-co/vendor/symfony/symfony/src/Symfony/Component/Debug/DebugClassLoader.php line 223) {"exception":"[object] (RuntimeException(code: 0): The autoloader expected class \"Doctrine\\ORM\\UnitOfWork\" to be defined in file \"/Applications/MAMP/htdocs/todo-and-co/vendor/composer/../doctrine/orm/lib/Doctrine/ORM/UnitOfWork.php\". The file was found but the class was not in it, the class name or namespace probably has a typo. at /Applications/MAMP/htdocs/todo-and-co/vendor/symfony/symfony/src/Symfony/Component/Debug/DebugClassLoader.php:223)"} []
[2020-06-19 12:34:48] request.CRITICAL: Uncaught PHP Exception RuntimeException: "The autoloader expected class "Doctrine\ORM\UnitOfWork" to be defined in file "/Applications/MAMP/htdocs/todo-and-co/vendor/composer/../doctrine/orm/lib/Doctrine/ORM/UnitOfWork.php". The file was found but the class was not in it, the class name or namespace probably has a typo." at /Applications/MAMP/htdocs/todo-and-co/vendor/symfony/symfony/src/Symfony/Component/Debug/DebugClassLoader.php line 223 {"exception":"[object] (RuntimeException(code: 0): The autoloader expected class \"Doctrine\\ORM\\UnitOfWork\" to be defined in file \"/Applications/MAMP/htdocs/todo-and-co/vendor/composer/../doctrine/orm/lib/Doctrine/ORM/UnitOfWork.php\". The file was found but the class was not in it, the class name or namespace probably has a typo. at /Applications/MAMP/htdocs/todo-and-co/vendor/symfony/symfony/src/Symfony/Component/Debug/DebugClassLoader.php:223, Symfony\\Component\\Debug\\Exception\\ContextErrorException(code: 0): Warning: \"continue\" targeting switch is equivalent to \"break\". Did you mean to use \"continue 2\"? at /Applications/MAMP/htdocs/todo-and-co/vendor/doctrine/orm/lib/Doctrine/ORM/UnitOfWork.php:2627)"} []
[2020-06-19 12:34:48] request.CRITICAL: Exception thrown when handling an exception (RuntimeException: The autoloader expected class "Doctrine\ORM\UnitOfWork" to be defined in file "/Applications/MAMP/htdocs/todo-and-co/vendor/composer/../doctrine/orm/lib/Doctrine/ORM/UnitOfWork.php". The file was found but the class was not in it, the class name or namespace probably has a typo. at /Applications/MAMP/htdocs/todo-and-co/vendor/symfony/symfony/src/Symfony/Component/Debug/DebugClassLoader.php line 223) {"exception":"[object] (RuntimeException(code: 0): The autoloader expected class \"Doctrine\\ORM\\UnitOfWork\" to be defined in file \"/Applications/MAMP/htdocs/todo-and-co/vendor/composer/../doctrine/orm/lib/Doctrine/ORM/UnitOfWork.php\". The file was found but the class was not in it, the class name or namespace probably has a typo. at /Applications/MAMP/htdocs/todo-and-co/vendor/symfony/symfony/src/Symfony/Component/Debug/DebugClassLoader.php:223)"} []
[2020-06-19 17:34:09] request.INFO: Matched route "{route}". {"route":"login","route_parameters":{"_controller":"AppBundle\\Controller\\SecurityController::loginAction","_route":"login"},"request_uri":"http://127.0.0.1:8000/login","method":"GET"} []
[2020-06-19 17:34:09] security.INFO: Populated the TokenStorage with an anonymous Token. [] []
[2020-06-19 17:34:09] request.CRITICAL: Uncaught PHP Exception Symfony\Component\Debug\Exception\ContextErrorException: "Warning: "continue" targeting switch is equivalent to "break". Did you mean to use "continue 2"?" at /Applications/MAMP/htdocs/todo-and-co/vendor/doctrine/orm/lib/Doctrine/ORM/UnitOfWork.php line 2627 {"exception":"[object] (Symfony\\Component\\Debug\\Exception\\ContextErrorException(code: 0): Warning: \"continue\" targeting switch is equivalent to \"break\". Did you mean to use \"continue 2\"? at /Applications/MAMP/htdocs/todo-and-co/vendor/doctrine/orm/lib/Doctrine/ORM/UnitOfWork.php:2627)"} []
[2020-06-19 17:34:09] request.CRITICAL: Exception thrown when handling an exception (RuntimeException: The autoloader expected class "Doctrine\ORM\UnitOfWork" to be defined in file "/Applications/MAMP/htdocs/todo-and-co/vendor/composer/../doctrine/orm/lib/Doctrine/ORM/UnitOfWork.php". The file was found but the class was not in it, the class name or namespace probably has a typo. at /Applications/MAMP/htdocs/todo-and-co/vendor/symfony/symfony/src/Symfony/Component/Debug/DebugClassLoader.php line 223) {"exception":"[object] (RuntimeException(code: 0): The autoloader expected class \"Doctrine\\ORM\\UnitOfWork\" to be defined in file \"/Applications/MAMP/htdocs/todo-and-co/vendor/composer/../doctrine/orm/lib/Doctrine/ORM/UnitOfWork.php\". The file was found but the class was not in it, the class name or namespace probably has a typo. at /Applications/MAMP/htdocs/todo-and-co/vendor/symfony/symfony/src/Symfony/Component/Debug/DebugClassLoader.php:223)"} []
[2020-06-19 17:34:09] request.CRITICAL: Uncaught PHP Exception RuntimeException: "The autoloader expected class "Doctrine\ORM\UnitOfWork" to be defined in file "/Applications/MAMP/htdocs/todo-and-co/vendor/composer/../doctrine/orm/lib/Doctrine/ORM/UnitOfWork.php". The file was found but the class was not in it, the class name or namespace probably has a typo." at /Applications/MAMP/htdocs/todo-and-co/vendor/symfony/symfony/src/Symfony/Component/Debug/DebugClassLoader.php line 223 {"exception":"[object] (RuntimeException(code: 0): The autoloader expected class \"Doctrine\\ORM\\UnitOfWork\" to be defined in file \"/Applications/MAMP/htdocs/todo-and-co/vendor/composer/../doctrine/orm/lib/Doctrine/ORM/UnitOfWork.php\". The file was found but the class was not in it, the class name or namespace probably has a typo. at /Applications/MAMP/htdocs/todo-and-co/vendor/symfony/symfony/src/Symfony/Component/Debug/DebugClassLoader.php:223, Symfony\\Component\\Debug\\Exception\\ContextErrorException(code: 0): Warning: \"continue\" targeting switch is equivalent to \"break\". Did you mean to use \"continue 2\"? at /Applications/MAMP/htdocs/todo-and-co/vendor/doctrine/orm/lib/Doctrine/ORM/UnitOfWork.php:2627)"} []
[2020-06-19 17:34:09] request.CRITICAL: Exception thrown when handling an exception (RuntimeException: The autoloader expected class "Doctrine\ORM\UnitOfWork" to be defined in file "/Applications/MAMP/htdocs/todo-and-co/vendor/composer/../doctrine/orm/lib/Doctrine/ORM/UnitOfWork.php". The file was found but the class was not in it, the class name or namespace probably has a typo. at /Applications/MAMP/htdocs/todo-and-co/vendor/symfony/symfony/src/Symfony/Component/Debug/DebugClassLoader.php line 223) {"exception":"[object] (RuntimeException(code: 0): The autoloader expected class \"Doctrine\\ORM\\UnitOfWork\" to be defined in file \"/Applications/MAMP/htdocs/todo-and-co/vendor/composer/../doctrine/orm/lib/Doctrine/ORM/UnitOfWork.php\". The file was found but the class was not in it, the class name or namespace probably has a typo. at /Applications/MAMP/htdocs/todo-and-co/vendor/symfony/symfony/src/Symfony/Component/Debug/DebugClassLoader.php:223)"} []
[2020-06-19 17:43:40] request.INFO: Matched route "{route}". {"route":"login","route_parameters":{"_controller":"AppBundle\\Controller\\SecurityController::loginAction","_route":"login"},"request_uri":"http://127.0.0.1:8000/login","method":"GET"} []
[2020-06-19 17:43:40] security.INFO: Populated the TokenStorage with an anonymous Token. [] []
[2020-06-19 17:43:40] request.CRITICAL: Uncaught PHP Exception Symfony\Component\Debug\Exception\ContextErrorException: "Warning: "continue" targeting switch is equivalent to "break". Did you mean to use "continue 2"?" at /Applications/MAMP/htdocs/todo-and-co/vendor/doctrine/orm/lib/Doctrine/ORM/UnitOfWork.php line 2627 {"exception":"[object] (Symfony\\Component\\Debug\\Exception\\ContextErrorException(code: 0): Warning: \"continue\" targeting switch is equivalent to \"break\". Did you mean to use \"continue 2\"? at /Applications/MAMP/htdocs/todo-and-co/vendor/doctrine/orm/lib/Doctrine/ORM/UnitOfWork.php:2627)"} []
[2020-06-19 17:43:40] request.CRITICAL: Exception thrown when handling an exception (RuntimeException: The autoloader expected class "Doctrine\ORM\UnitOfWork" to be defined in file "/Applications/MAMP/htdocs/todo-and-co/vendor/composer/../doctrine/orm/lib/Doctrine/ORM/UnitOfWork.php". The file was found but the class was not in it, the class name or namespace probably has a typo. at /Applications/MAMP/htdocs/todo-and-co/vendor/symfony/symfony/src/Symfony/Component/Debug/DebugClassLoader.php line 223) {"exception":"[object] (RuntimeException(code: 0): The autoloader expected class \"Doctrine\\ORM\\UnitOfWork\" to be defined in file \"/Applications/MAMP/htdocs/todo-and-co/vendor/composer/../doctrine/orm/lib/Doctrine/ORM/UnitOfWork.php\". The file was found but the class was not in it, the class name or namespace probably has a typo. at /Applications/MAMP/htdocs/todo-and-co/vendor/symfony/symfony/src/Symfony/Component/Debug/DebugClassLoader.php:223)"} []
[2020-06-19 17:43:40] request.CRITICAL: Uncaught PHP Exception RuntimeException: "The autoloader expected class "Doctrine\ORM\UnitOfWork" to be defined in file "/Applications/MAMP/htdocs/todo-and-co/vendor/composer/../doctrine/orm/lib/Doctrine/ORM/UnitOfWork.php". The file was found but the class was not in it, the class name or namespace probably has a typo." at /Applications/MAMP/htdocs/todo-and-co/vendor/symfony/symfony/src/Symfony/Component/Debug/DebugClassLoader.php line 223 {"exception":"[object] (RuntimeException(code: 0): The autoloader expected class \"Doctrine\\ORM\\UnitOfWork\" to be defined in file \"/Applications/MAMP/htdocs/todo-and-co/vendor/composer/../doctrine/orm/lib/Doctrine/ORM/UnitOfWork.php\". The file was found but the class was not in it, the class name or namespace probably has a typo. at /Applications/MAMP/htdocs/todo-and-co/vendor/symfony/symfony/src/Symfony/Component/Debug/DebugClassLoader.php:223, Symfony\\Component\\Debug\\Exception\\ContextErrorException(code: 0): Warning: \"continue\" targeting switch is equivalent to \"break\". Did you mean to use \"continue 2\"? at /Applications/MAMP/htdocs/todo-and-co/vendor/doctrine/orm/lib/Doctrine/ORM/UnitOfWork.php:2627)"} []
[2020-06-19 17:43:40] request.CRITICAL: Exception thrown when handling an exception (RuntimeException: The autoloader expected class "Doctrine\ORM\UnitOfWork" to be defined in file "/Applications/MAMP/htdocs/todo-and-co/vendor/composer/../doctrine/orm/lib/Doctrine/ORM/UnitOfWork.php". The file was found but the class was not in it, the class name or namespace probably has a typo. at /Applications/MAMP/htdocs/todo-and-co/vendor/symfony/symfony/src/Symfony/Component/Debug/DebugClassLoader.php line 223) {"exception":"[object] (RuntimeException(code: 0): The autoloader expected class \"Doctrine\\ORM\\UnitOfWork\" to be defined in file \"/Applications/MAMP/htdocs/todo-and-co/vendor/composer/../doctrine/orm/lib/Doctrine/ORM/UnitOfWork.php\". The file was found but the class was not in it, the class name or namespace probably has a typo. at /Applications/MAMP/htdocs/todo-and-co/vendor/symfony/symfony/src/Symfony/Component/Debug/DebugClassLoader.php:223)"} []
[2020-06-19 18:05:16] request.INFO: Matched route "{route}". {"route":"login","route_parameters":{"_controller":"AppBundle\\Controller\\SecurityController::loginAction","_route":"login"},"request_uri":"http://127.0.0.1:8000/login","method":"GET"} []
[2020-06-19 18:05:16] security.INFO: Populated the TokenStorage with an anonymous Token. [] []
[2020-06-19 18:05:16] request.CRITICAL: Uncaught PHP Exception Symfony\Component\Debug\Exception\ContextErrorException: "Warning: "continue" targeting switch is equivalent to "break". Did you mean to use "continue 2"?" at /Applications/MAMP/htdocs/todo-and-co/vendor/doctrine/orm/lib/Doctrine/ORM/UnitOfWork.php line 2627 {"exception":"[object] (Symfony\\Component\\Debug\\Exception\\ContextErrorException(code: 0): Warning: \"continue\" targeting switch is equivalent to \"break\". Did you mean to use \"continue 2\"? at /Applications/MAMP/htdocs/todo-and-co/vendor/doctrine/orm/lib/Doctrine/ORM/UnitOfWork.php:2627)"} []
[2020-06-19 18:05:16] request.CRITICAL: Exception thrown when handling an exception (RuntimeException: The autoloader expected class "Doctrine\ORM\UnitOfWork" to be defined in file "/Applications/MAMP/htdocs/todo-and-co/vendor/composer/../doctrine/orm/lib/Doctrine/ORM/UnitOfWork.php". The file was found but the class was not in it, the class name or namespace probably has a typo. at /Applications/MAMP/htdocs/todo-and-co/vendor/symfony/symfony/src/Symfony/Component/Debug/DebugClassLoader.php line 223) {"exception":"[object] (RuntimeException(code: 0): The autoloader expected class \"Doctrine\\ORM\\UnitOfWork\" to be defined in file \"/Applications/MAMP/htdocs/todo-and-co/vendor/composer/../doctrine/orm/lib/Doctrine/ORM/UnitOfWork.php\". The file was found but the class was not in it, the class name or namespace probably has a typo. at /Applications/MAMP/htdocs/todo-and-co/vendor/symfony/symfony/src/Symfony/Component/Debug/DebugClassLoader.php:223)"} []
[2020-06-19 18:05:16] request.CRITICAL: Uncaught PHP Exception RuntimeException: "The autoloader expected class "Doctrine\ORM\UnitOfWork" to be defined in file "/Applications/MAMP/htdocs/todo-and-co/vendor/composer/../doctrine/orm/lib/Doctrine/ORM/UnitOfWork.php". The file was found but the class was not in it, the class name or namespace probably has a typo." at /Applications/MAMP/htdocs/todo-and-co/vendor/symfony/symfony/src/Symfony/Component/Debug/DebugClassLoader.php line 223 {"exception":"[object] (RuntimeException(code: 0): The autoloader expected class \"Doctrine\\ORM\\UnitOfWork\" to be defined in file \"/Applications/MAMP/htdocs/todo-and-co/vendor/composer/../doctrine/orm/lib/Doctrine/ORM/UnitOfWork.php\". The file was found but the class was not in it, the class name or namespace probably has a typo. at /Applications/MAMP/htdocs/todo-and-co/vendor/symfony/symfony/src/Symfony/Component/Debug/DebugClassLoader.php:223, Symfony\\Component\\Debug\\Exception\\ContextErrorException(code: 0): Warning: \"continue\" targeting switch is equivalent to \"break\". Did you mean to use \"continue 2\"? at /Applications/MAMP/htdocs/todo-and-co/vendor/doctrine/orm/lib/Doctrine/ORM/UnitOfWork.php:2627)"} []
[2020-06-19 18:05:17] request.CRITICAL: Exception thrown when handling an exception (RuntimeException: The autoloader expected class "Doctrine\ORM\UnitOfWork" to be defined in file "/Applications/MAMP/htdocs/todo-and-co/vendor/composer/../doctrine/orm/lib/Doctrine/ORM/UnitOfWork.php". The file was found but the class was not in it, the class name or namespace probably has a typo. at /Applications/MAMP/htdocs/todo-and-co/vendor/symfony/symfony/src/Symfony/Component/Debug/DebugClassLoader.php line 223) {"exception":"[object] (RuntimeException(code: 0): The autoloader expected class \"Doctrine\\ORM\\UnitOfWork\" to be defined in file \"/Applications/MAMP/htdocs/todo-and-co/vendor/composer/../doctrine/orm/lib/Doctrine/ORM/UnitOfWork.php\". The file was found but the class was not in it, the class name or namespace probably has a typo. at /Applications/MAMP/htdocs/todo-and-co/vendor/symfony/symfony/src/Symfony/Component/Debug/DebugClassLoader.php:223)"} []
[2020-06-19 18:31:48] request.INFO: Matched route "{route}". {"route":"login","route_parameters":{"_controller":"AppBundle\\Controller\\SecurityController::loginAction","_route":"login"},"request_uri":"http://127.0.0.1:8000/login","method":"GET"} []
[2020-06-19 18:31:48] security.INFO: Populated the TokenStorage with an anonymous Token. [] []
[2020-06-19 18:31:48] request.CRITICAL: Uncaught PHP Exception Symfony\Component\Debug\Exception\ContextErrorException: "Notice: Undefined variable: error" at /Applications/MAMP/htdocs/todo-and-co/src/AppBundle/Controller/SecurityController.php line 23 {"exception":"[object] (Symfony\\Component\\Debug\\Exception\\ContextErrorException(code: 0): Notice: Undefined variable: error at /Applications/MAMP/htdocs/todo-and-co/src/AppBundle/Controller/SecurityController.php:23)"} []
[2020-06-19 18:31:48] request.CRITICAL: Exception thrown when handling an exception (Symfony\Component\Debug\Exception\ContextErrorException: Warning: "continue" targeting switch is equivalent to "break". Did you mean to use "continue 2"? at /Applications/MAMP/htdocs/todo-and-co/vendor/doctrine/orm/lib/Doctrine/ORM/UnitOfWork.php line 2627) {"exception":"[object] (Symfony\\Component\\Debug\\Exception\\ContextErrorException(code: 0): Warning: \"continue\" targeting switch is equivalent to \"break\". Did you mean to use \"continue 2\"? at /Applications/MAMP/htdocs/todo-and-co/vendor/doctrine/orm/lib/Doctrine/ORM/UnitOfWork.php:2627)"} []
[2020-06-19 18:31:48] request.CRITICAL: Uncaught PHP Exception Symfony\Component\Debug\Exception\ContextErrorException: "Warning: "continue" targeting switch is equivalent to "break". Did you mean to use "continue 2"?" at /Applications/MAMP/htdocs/todo-and-co/vendor/doctrine/orm/lib/Doctrine/ORM/UnitOfWork.php line 2627 {"exception":"[object] (Symfony\\Component\\Debug\\Exception\\ContextErrorException(code: 0): Warning: \"continue\" targeting switch is equivalent to \"break\". Did you mean to use \"continue 2\"? at /Applications/MAMP/htdocs/todo-and-co/vendor/doctrine/orm/lib/Doctrine/ORM/UnitOfWork.php:2627, Symfony\\Component\\Debug\\Exception\\ContextErrorException(code: 0): Notice: Undefined variable: error at /Applications/MAMP/htdocs/todo-and-co/src/AppBundle/Controller/SecurityController.php:23)"} []
[2020-06-19 18:31:48] request.CRITICAL: Exception thrown when handling an exception (RuntimeException: The autoloader expected class "Doctrine\ORM\UnitOfWork" to be defined in file "/Applications/MAMP/htdocs/todo-and-co/vendor/composer/../doctrine/orm/lib/Doctrine/ORM/UnitOfWork.php". The file was found but the class was not in it, the class name or namespace probably has a typo. at /Applications/MAMP/htdocs/todo-and-co/vendor/symfony/symfony/src/Symfony/Component/Debug/DebugClassLoader.php line 223) {"exception":"[object] (RuntimeException(code: 0): The autoloader expected class \"Doctrine\\ORM\\UnitOfWork\" to be defined in file \"/Applications/MAMP/htdocs/todo-and-co/vendor/composer/../doctrine/orm/lib/Doctrine/ORM/UnitOfWork.php\". The file was found but the class was not in it, the class name or namespace probably has a typo. at /Applications/MAMP/htdocs/todo-and-co/vendor/symfony/symfony/src/Symfony/Component/Debug/DebugClassLoader.php:223)"} []
[2020-06-19 18:37:55] request.INFO: Matched route "{route}". {"route":"login","route_parameters":{"_controller":"AppBundle\\Controller\\SecurityController::loginAction","_route":"login"},"request_uri":"http://127.0.0.1:8000/login","method":"GET"} []
[2020-06-19 18:37:55] security.INFO: Populated the TokenStorage with an anonymous Token. [] []
[2020-06-19 18:37:55] request.CRITICAL: Uncaught PHP Exception Symfony\Component\Debug\Exception\FatalThrowableError: "Can only throw objects" at /Applications/MAMP/htdocs/todo-and-co/vendor/symfony/symfony/src/Symfony/Component/Debug/ErrorHandler.php line 435 {"exception":"[object] (Symfony\\Component\\Debug\\Exception\\FatalThrowableError(code: 0): Can only throw objects at /Applications/MAMP/htdocs/todo-and-co/vendor/symfony/symfony/src/Symfony/Component/Debug/ErrorHandler.php:435)"} []
[2020-06-19 18:38:37] request.INFO: Matched route "{route}". {"route":"login","route_parameters":{"_controller":"AppBundle\\Controller\\SecurityController::loginAction","_route":"login"},"request_uri":"http://127.0.0.1:8000/login","method":"GET"} []
[2020-06-19 18:38:37] security.INFO: Populated the TokenStorage with an anonymous Token. [] []
[2020-06-19 18:38:37] request.CRITICAL: Uncaught PHP Exception Symfony\Component\Debug\Exception\FatalThrowableError: "Can only throw objects" at /Applications/MAMP/htdocs/todo-and-co/vendor/symfony/symfony/src/Symfony/Component/Debug/ErrorHandler.php line 435 {"exception":"[object] (Symfony\\Component\\Debug\\Exception\\FatalThrowableError(code: 0): Can only throw objects at /Applications/MAMP/htdocs/todo-and-co/vendor/symfony/symfony/src/Symfony/Component/Debug/ErrorHandler.php:435)"} []
[2020-06-19 18:38:37] request.CRITICAL: Exception thrown when handling an exception (RuntimeException: The autoloader expected class "Doctrine\ORM\UnitOfWork" to be defined in file "/Applications/MAMP/htdocs/todo-and-co/vendor/composer/../doctrine/orm/lib/Doctrine/ORM/UnitOfWork.php". The file was found but the class was not in it, the class name or namespace probably has a typo. at /Applications/MAMP/htdocs/todo-and-co/vendor/symfony/symfony/src/Symfony/Component/Debug/DebugClassLoader.php line 223) {"exception":"[object] (RuntimeException(code: 0): The autoloader expected class \"Doctrine\\ORM\\UnitOfWork\" to be defined in file \"/Applications/MAMP/htdocs/todo-and-co/vendor/composer/../doctrine/orm/lib/Doctrine/ORM/UnitOfWork.php\". The file was found but the class was not in it, the class name or namespace probably has a typo. at /Applications/MAMP/htdocs/todo-and-co/vendor/symfony/symfony/src/Symfony/Component/Debug/DebugClassLoader.php:223)"} []
[2020-06-19 18:46:09] request.INFO: Matched route "{route}". {"route":"login","route_parameters":{"_controller":"AppBundle\\Controller\\SecurityController::loginAction","_route":"login"},"request_uri":"http://127.0.0.1:8000/login","method":"GET"} []
[2020-06-19 18:46:09] security.INFO: Populated the TokenStorage with an anonymous Token. [] []
[2020-06-19 18:46:09] request.CRITICAL: Uncaught PHP Exception Symfony\Component\Debug\Exception\ContextErrorException: "Warning: "continue" targeting switch is equivalent to "break". Did you mean to use "continue 2"?" at /Applications/MAMP/htdocs/todo-and-co/vendor/doctrine/orm/lib/Doctrine/ORM/UnitOfWork.php line 2627 {"exception":"[object] (Symfony\\Component\\Debug\\Exception\\ContextErrorException(code: 0): Warning: \"continue\" targeting switch is equivalent to \"break\". Did you mean to use \"continue 2\"? at /Applications/MAMP/htdocs/todo-and-co/vendor/doctrine/orm/lib/Doctrine/ORM/UnitOfWork.php:2627)"} []
[2020-06-19 18:46:10] request.CRITICAL: Exception thrown when handling an exception (RuntimeException: The autoloader expected class "Doctrine\ORM\UnitOfWork" to be defined in file "/Applications/MAMP/htdocs/todo-and-co/vendor/composer/../doctrine/orm/lib/Doctrine/ORM/UnitOfWork.php". The file was found but the class was not in it, the class name or namespace probably has a typo. at /Applications/MAMP/htdocs/todo-and-co/vendor/symfony/symfony/src/Symfony/Component/Debug/DebugClassLoader.php line 223) {"exception":"[object] (RuntimeException(code: 0): The autoloader expected class \"Doctrine\\ORM\\UnitOfWork\" to be defined in file \"/Applications/MAMP/htdocs/todo-and-co/vendor/composer/../doctrine/orm/lib/Doctrine/ORM/UnitOfWork.php\". The file was found but the class was not in it, the class name or namespace probably has a typo. at /Applications/MAMP/htdocs/todo-and-co/vendor/symfony/symfony/src/Symfony/Component/Debug/DebugClassLoader.php:223)"} []
[2020-06-19 18:46:10] request.CRITICAL: Uncaught PHP Exception RuntimeException: "The autoloader expected class "Doctrine\ORM\UnitOfWork" to be defined in file "/Applications/MAMP/htdocs/todo-and-co/vendor/composer/../doctrine/orm/lib/Doctrine/ORM/UnitOfWork.php". The file was found but the class was not in it, the class name or namespace probably has a typo." at /Applications/MAMP/htdocs/todo-and-co/vendor/symfony/symfony/src/Symfony/Component/Debug/DebugClassLoader.php line 223 {"exception":"[object] (RuntimeException(code: 0): The autoloader expected class \"Doctrine\\ORM\\UnitOfWork\" to be defined in file \"/Applications/MAMP/htdocs/todo-and-co/vendor/composer/../doctrine/orm/lib/Doctrine/ORM/UnitOfWork.php\". The file was found but the class was not in it, the class name or namespace probably has a typo. at /Applications/MAMP/htdocs/todo-and-co/vendor/symfony/symfony/src/Symfony/Component/Debug/DebugClassLoader.php:223, Symfony\\Component\\Debug\\Exception\\ContextErrorException(code: 0): Warning: \"continue\" targeting switch is equivalent to \"break\". Did you mean to use \"continue 2\"? at /Applications/MAMP/htdocs/todo-and-co/vendor/doctrine/orm/lib/Doctrine/ORM/UnitOfWork.php:2627)"} []
[2020-06-19 18:46:10] request.CRITICAL: Exception thrown when handling an exception (RuntimeException: The autoloader expected class "Doctrine\ORM\UnitOfWork" to be defined in file "/Applications/MAMP/htdocs/todo-and-co/vendor/composer/../doctrine/orm/lib/Doctrine/ORM/UnitOfWork.php". The file was found but the class was not in it, the class name or namespace probably has a typo. at /Applications/MAMP/htdocs/todo-and-co/vendor/symfony/symfony/src/Symfony/Component/Debug/DebugClassLoader.php line 223) {"exception":"[object] (RuntimeException(code: 0): The autoloader expected class \"Doctrine\\ORM\\UnitOfWork\" to be defined in file \"/Applications/MAMP/htdocs/todo-and-co/vendor/composer/../doctrine/orm/lib/Doctrine/ORM/UnitOfWork.php\". The file was found but the class was not in it, the class name or namespace probably has a typo. at /Applications/MAMP/htdocs/todo-and-co/vendor/symfony/symfony/src/Symfony/Component/Debug/DebugClassLoader.php:223)"} []
[2020-06-19 18:49:06] request.INFO: Matched route "{route}". {"route":"login","route_parameters":{"_controller":"AppBundle\\Controller\\SecurityController::loginAction","_route":"login"},"request_uri":"http://127.0.0.1:8000/login","method":"GET"} []
[2020-06-19 18:49:06] security.INFO: Populated the TokenStorage with an anonymous Token. [] []
[2020-06-19 18:49:06] request.CRITICAL: Uncaught PHP Exception Twig_Error_Runtime: "Variable "error" does not exist in "security/login.html.twig" at line 4." at /Applications/MAMP/htdocs/todo-and-co/var/cache/dev/classes.php line 5462 {"exception":"[object] (Twig_Error_Runtime(code: 0): Variable \"error\" does not exist in \"security/login.html.twig\" at line 4. at /Applications/MAMP/htdocs/todo-and-co/var/cache/dev/classes.php:5462)"} []
[2020-06-19 18:49:06] request.CRITICAL: Exception thrown when handling an exception (Symfony\Component\Debug\Exception\ContextErrorException: Warning: "continue" targeting switch is equivalent to "break". Did you mean to use "continue 2"? at /Applications/MAMP/htdocs/todo-and-co/vendor/doctrine/orm/lib/Doctrine/ORM/UnitOfWork.php line 2627) {"exception":"[object] (Symfony\\Component\\Debug\\Exception\\ContextErrorException(code: 0): Warning: \"continue\" targeting switch is equivalent to \"break\". Did you mean to use \"continue 2\"? at /Applications/MAMP/htdocs/todo-and-co/vendor/doctrine/orm/lib/Doctrine/ORM/UnitOfWork.php:2627)"} []
[2020-06-19 18:49:06] request.CRITICAL: Uncaught PHP Exception Symfony\Component\Debug\Exception\ContextErrorException: "Warning: "continue" targeting switch is equivalent to "break". Did you mean to use "continue 2"?" at /Applications/MAMP/htdocs/todo-and-co/vendor/doctrine/orm/lib/Doctrine/ORM/UnitOfWork.php line 2627 {"exception":"[object] (Symfony\\Component\\Debug\\Exception\\ContextErrorException(code: 0): Warning: \"continue\" targeting switch is equivalent to \"break\". Did you mean to use \"continue 2\"? at /Applications/MAMP/htdocs/todo-and-co/vendor/doctrine/orm/lib/Doctrine/ORM/UnitOfWork.php:2627, Twig_Error_Runtime(code: 0): Variable \"error\" does not exist in \"security/login.html.twig\" at line 4. at /Applications/MAMP/htdocs/todo-and-co/var/cache/dev/classes.php:5462)"} []
[2020-06-19 18:49:07] request.CRITICAL: Exception thrown when handling an exception (RuntimeException: The autoloader expected class "Doctrine\ORM\UnitOfWork" to be defined in file "/Applications/MAMP/htdocs/todo-and-co/vendor/composer/../doctrine/orm/lib/Doctrine/ORM/UnitOfWork.php". The file was found but the class was not in it, the class name or namespace probably has a typo. at /Applications/MAMP/htdocs/todo-and-co/vendor/symfony/symfony/src/Symfony/Component/Debug/DebugClassLoader.php line 223) {"exception":"[object] (RuntimeException(code: 0): The autoloader expected class \"Doctrine\\ORM\\UnitOfWork\" to be defined in file \"/Applications/MAMP/htdocs/todo-and-co/vendor/composer/../doctrine/orm/lib/Doctrine/ORM/UnitOfWork.php\". The file was found but the class was not in it, the class name or namespace probably has a typo. at /Applications/MAMP/htdocs/todo-and-co/vendor/symfony/symfony/src/Symfony/Component/Debug/DebugClassLoader.php:223)"} []
[2020-06-19 18:51:47] request.INFO: Matched route "{route}". {"route":"login","route_parameters":{"_controller":"AppBundle\\Controller\\SecurityController::loginAction","_route":"login"},"request_uri":"http://127.0.0.1:8000/login","method":"GET"} []
[2020-06-19 18:51:47] security.INFO: Populated the TokenStorage with an anonymous Token. [] []
[2020-06-19 18:51:47] request.CRITICAL: Uncaught PHP Exception Twig_Error_Runtime: "Variable "error" does not exist in "security/login.html.twig" at line 4." at /Applications/MAMP/htdocs/todo-and-co/var/cache/dev/classes.php line 5462 {"exception":"[object] (Twig_Error_Runtime(code: 0): Variable \"error\" does not exist in \"security/login.html.twig\" at line 4. at /Applications/MAMP/htdocs/todo-and-co/var/cache/dev/classes.php:5462)"} []
[2020-06-19 18:51:48] request.CRITICAL: Exception thrown when handling an exception (Symfony\Component\Debug\Exception\ContextErrorException: Warning: "continue" targeting switch is equivalent to "break". Did you mean to use "continue 2"? at /Applications/MAMP/htdocs/todo-and-co/vendor/doctrine/orm/lib/Doctrine/ORM/UnitOfWork.php line 2656) {"exception":"[object] (Symfony\\Component\\Debug\\Exception\\ContextErrorException(code: 0): Warning: \"continue\" targeting switch is equivalent to \"break\". Did you mean to use \"continue 2\"? at /Applications/MAMP/htdocs/todo-and-co/vendor/doctrine/orm/lib/Doctrine/ORM/UnitOfWork.php:2656)"} []
[2020-06-19 18:51:48] request.CRITICAL: Uncaught PHP Exception Symfony\Component\Debug\Exception\ContextErrorException: "Warning: "continue" targeting switch is equivalent to "break". Did you mean to use "continue 2"?" at /Applications/MAMP/htdocs/todo-and-co/vendor/doctrine/orm/lib/Doctrine/ORM/UnitOfWork.php line 2656 {"exception":"[object] (Symfony\\Component\\Debug\\Exception\\ContextErrorException(code: 0): Warning: \"continue\" targeting switch is equivalent to \"break\". Did you mean to use \"continue 2\"? at /Applications/MAMP/htdocs/todo-and-co/vendor/doctrine/orm/lib/Doctrine/ORM/UnitOfWork.php:2656, Twig_Error_Runtime(code: 0): Variable \"error\" does not exist in \"security/login.html.twig\" at line 4. at /Applications/MAMP/htdocs/todo-and-co/var/cache/dev/classes.php:5462)"} []
[2020-06-19 18:51:48] request.CRITICAL: Exception thrown when handling an exception (RuntimeException: The autoloader expected class "Doctrine\ORM\UnitOfWork" to be defined in file "/Applications/MAMP/htdocs/todo-and-co/vendor/composer/../doctrine/orm/lib/Doctrine/ORM/UnitOfWork.php". The file was found but the class was not in it, the class name or namespace probably has a typo. at /Applications/MAMP/htdocs/todo-and-co/vendor/symfony/symfony/src/Symfony/Component/Debug/DebugClassLoader.php line 223) {"exception":"[object] (RuntimeException(code: 0): The autoloader expected class \"Doctrine\\ORM\\UnitOfWork\" to be defined in file \"/Applications/MAMP/htdocs/todo-and-co/vendor/composer/../doctrine/orm/lib/Doctrine/ORM/UnitOfWork.php\". The file was found but the class was not in it, the class name or namespace probably has a typo. at /Applications/MAMP/htdocs/todo-and-co/vendor/symfony/symfony/src/Symfony/Component/Debug/DebugClassLoader.php:223)"} []
[2020-06-19 18:52:38] request.INFO: Matched route "{route}". {"route":"login","route_parameters":{"_controller":"AppBundle\\Controller\\SecurityController::loginAction","_route":"login"},"request_uri":"http://127.0.0.1:8000/login","method":"GET"} []
[2020-06-19 18:52:38] security.INFO: Populated the TokenStorage with an anonymous Token. [] []
[2020-06-19 18:52:38] request.CRITICAL: Uncaught PHP Exception Symfony\Component\Debug\Exception\ContextErrorException: "Warning: "continue" targeting switch is equivalent to "break". Did you mean to use "continue 2"?" at /Applications/MAMP/htdocs/todo-and-co/vendor/doctrine/orm/lib/Doctrine/ORM/UnitOfWork.php line 2627 {"exception":"[object] (Symfony\\Component\\Debug\\Exception\\ContextErrorException(code: 0): Warning: \"continue\" targeting switch is equivalent to \"break\". Did you mean to use \"continue 2\"? at /Applications/MAMP/htdocs/todo-and-co/vendor/doctrine/orm/lib/Doctrine/ORM/UnitOfWork.php:2627)"} []
[2020-06-19 18:52:38] request.CRITICAL: Exception thrown when handling an exception (RuntimeException: The autoloader expected class "Doctrine\ORM\UnitOfWork" to be defined in file "/Applications/MAMP/htdocs/todo-and-co/vendor/composer/../doctrine/orm/lib/Doctrine/ORM/UnitOfWork.php". The file was found but the class was not in it, the class name or namespace probably has a typo. at /Applications/MAMP/htdocs/todo-and-co/vendor/symfony/symfony/src/Symfony/Component/Debug/DebugClassLoader.php line 223) {"exception":"[object] (RuntimeException(code: 0): The autoloader expected class \"Doctrine\\ORM\\UnitOfWork\" to be defined in file \"/Applications/MAMP/htdocs/todo-and-co/vendor/composer/../doctrine/orm/lib/Doctrine/ORM/UnitOfWork.php\". The file was found but the class was not in it, the class name or namespace probably has a typo. at /Applications/MAMP/htdocs/todo-and-co/vendor/symfony/symfony/src/Symfony/Component/Debug/DebugClassLoader.php:223)"} []
[2020-06-19 18:52:38] request.CRITICAL: Uncaught PHP Exception RuntimeException: "The autoloader expected class "Doctrine\ORM\UnitOfWork" to be defined in file "/Applications/MAMP/htdocs/todo-and-co/vendor/composer/../doctrine/orm/lib/Doctrine/ORM/UnitOfWork.php". The file was found but the class was not in it, the class name or namespace probably has a typo." at /Applications/MAMP/htdocs/todo-and-co/vendor/symfony/symfony/src/Symfony/Component/Debug/DebugClassLoader.php line 223 {"exception":"[object] (RuntimeException(code: 0): The autoloader expected class \"Doctrine\\ORM\\UnitOfWork\" to be defined in file \"/Applications/MAMP/htdocs/todo-and-co/vendor/composer/../doctrine/orm/lib/Doctrine/ORM/UnitOfWork.php\". The file was found but the class was not in it, the class name or namespace probably has a typo. at /Applications/MAMP/htdocs/todo-and-co/vendor/symfony/symfony/src/Symfony/Component/Debug/DebugClassLoader.php:223, Symfony\\Component\\Debug\\Exception\\ContextErrorException(code: 0): Warning: \"continue\" targeting switch is equivalent to \"break\". Did you mean to use \"continue 2\"? at /Applications/MAMP/htdocs/todo-and-co/vendor/doctrine/orm/lib/Doctrine/ORM/UnitOfWork.php:2627)"} []
[2020-06-19 18:52:39] request.CRITICAL: Exception thrown when handling an exception (RuntimeException: The autoloader expected class "Doctrine\ORM\UnitOfWork" to be defined in file "/Applications/MAMP/htdocs/todo-and-co/vendor/composer/../doctrine/orm/lib/Doctrine/ORM/UnitOfWork.php". The file was found but the class was not in it, the class name or namespace probably has a typo. at /Applications/MAMP/htdocs/todo-and-co/vendor/symfony/symfony/src/Symfony/Component/Debug/DebugClassLoader.php line 223) {"exception":"[object] (RuntimeException(code: 0): The autoloader expected class \"Doctrine\\ORM\\UnitOfWork\" to be defined in file \"/Applications/MAMP/htdocs/todo-and-co/vendor/composer/../doctrine/orm/lib/Doctrine/ORM/UnitOfWork.php\". The file was found but the class was not in it, the class name or namespace probably has a typo. at /Applications/MAMP/htdocs/todo-and-co/vendor/symfony/symfony/src/Symfony/Component/Debug/DebugClassLoader.php:223)"} []
[2020-06-19 18:53:11] request.INFO: Matched route "{route}". {"route":"login","route_parameters":{"_controller":"AppBundle\\Controller\\SecurityController::loginAction","_route":"login"},"request_uri":"http://127.0.0.1:8000/login","method":"GET"} []
[2020-06-19 18:53:11] security.INFO: Populated the TokenStorage with an anonymous Token. [] []
[2020-06-19 18:53:11] request.CRITICAL: Uncaught PHP Exception Symfony\Component\Debug\Exception\ContextErrorException: "Warning: "continue" targeting switch is equivalent to "break". Did you mean to use "continue 2"?" at /Applications/MAMP/htdocs/todo-and-co/vendor/doctrine/orm/lib/Doctrine/ORM/UnitOfWork.php line 2656 {"exception":"[object] (Symfony\\Component\\Debug\\Exception\\ContextErrorException(code: 0): Warning: \"continue\" targeting switch is equivalent to \"break\". Did you mean to use \"continue 2\"? at /Applications/MAMP/htdocs/todo-and-co/vendor/doctrine/orm/lib/Doctrine/ORM/UnitOfWork.php:2656)"} []
[2020-06-19 18:53:11] request.CRITICAL: Exception thrown when handling an exception (RuntimeException: The autoloader expected class "Doctrine\ORM\UnitOfWork" to be defined in file "/Applications/MAMP/htdocs/todo-and-co/vendor/composer/../doctrine/orm/lib/Doctrine/ORM/UnitOfWork.php". The file was found but the class was not in it, the class name or namespace probably has a typo. at /Applications/MAMP/htdocs/todo-and-co/vendor/symfony/symfony/src/Symfony/Component/Debug/DebugClassLoader.php line 223) {"exception":"[object] (RuntimeException(code: 0): The autoloader expected class \"Doctrine\\ORM\\UnitOfWork\" to be defined in file \"/Applications/MAMP/htdocs/todo-and-co/vendor/composer/../doctrine/orm/lib/Doctrine/ORM/UnitOfWork.php\". The file was found but the class was not in it, the class name or namespace probably has a typo. at /Applications/MAMP/htdocs/todo-and-co/vendor/symfony/symfony/src/Symfony/Component/Debug/DebugClassLoader.php:223)"} []
[2020-06-19 18:53:11] request.CRITICAL: Uncaught PHP Exception RuntimeException: "The autoloader expected class "Doctrine\ORM\UnitOfWork" to be defined in file "/Applications/MAMP/htdocs/todo-and-co/vendor/composer/../doctrine/orm/lib/Doctrine/ORM/UnitOfWork.php". The file was found but the class was not in it, the class name or namespace probably has a typo." at /Applications/MAMP/htdocs/todo-and-co/vendor/symfony/symfony/src/Symfony/Component/Debug/DebugClassLoader.php line 223 {"exception":"[object] (RuntimeException(code: 0): The autoloader expected class \"Doctrine\\ORM\\UnitOfWork\" to be defined in file \"/Applications/MAMP/htdocs/todo-and-co/vendor/composer/../doctrine/orm/lib/Doctrine/ORM/UnitOfWork.php\". The file was found but the class was not in it, the class name or namespace probably has a typo. at /Applications/MAMP/htdocs/todo-and-co/vendor/symfony/symfony/src/Symfony/Component/Debug/DebugClassLoader.php:223, Symfony\\Component\\Debug\\Exception\\ContextErrorException(code: 0): Warning: \"continue\" targeting switch is equivalent to \"break\". Did you mean to use \"continue 2\"? at /Applications/MAMP/htdocs/todo-and-co/vendor/doctrine/orm/lib/Doctrine/ORM/UnitOfWork.php:2656)"} []
[2020-06-19 18:53:11] request.CRITICAL: Exception thrown when handling an exception (RuntimeException: The autoloader expected class "Doctrine\ORM\UnitOfWork" to be defined in file "/Applications/MAMP/htdocs/todo-and-co/vendor/composer/../doctrine/orm/lib/Doctrine/ORM/UnitOfWork.php". The file was found but the class was not in it, the class name or namespace probably has a typo. at /Applications/MAMP/htdocs/todo-and-co/vendor/symfony/symfony/src/Symfony/Component/Debug/DebugClassLoader.php line 223) {"exception":"[object] (RuntimeException(code: 0): The autoloader expected class \"Doctrine\\ORM\\UnitOfWork\" to be defined in file \"/Applications/MAMP/htdocs/todo-and-co/vendor/composer/../doctrine/orm/lib/Doctrine/ORM/UnitOfWork.php\". The file was found but the class was not in it, the class name or namespace probably has a typo. at /Applications/MAMP/htdocs/todo-and-co/vendor/symfony/symfony/src/Symfony/Component/Debug/DebugClassLoader.php:223)"} []
[2020-06-19 18:53:20] request.INFO: Matched route "{route}". {"route":"login","route_parameters":{"_controller":"AppBundle\\Controller\\SecurityController::loginAction","_route":"login"},"request_uri":"http://127.0.0.1:8000/login","method":"GET"} []
[2020-06-19 18:53:20] security.INFO: Populated the TokenStorage with an anonymous Token. [] []
[2020-06-19 18:53:20] request.CRITICAL: Uncaught PHP Exception Symfony\Component\Debug\Exception\ContextErrorException: "Warning: "continue" targeting switch is equivalent to "break". Did you mean to use "continue 2"?" at /Applications/MAMP/htdocs/todo-and-co/vendor/doctrine/orm/lib/Doctrine/ORM/UnitOfWork.php line 2656 {"exception":"[object] (Symfony\\Component\\Debug\\Exception\\ContextErrorException(code: 0): Warning: \"continue\" targeting switch is equivalent to \"break\". Did you mean to use \"continue 2\"? at /Applications/MAMP/htdocs/todo-and-co/vendor/doctrine/orm/lib/Doctrine/ORM/UnitOfWork.php:2656)"} []
[2020-06-19 18:53:20] request.CRITICAL: Exception thrown when handling an exception (RuntimeException: The autoloader expected class "Doctrine\ORM\UnitOfWork" to be defined in file "/Applications/MAMP/htdocs/todo-and-co/vendor/composer/../doctrine/orm/lib/Doctrine/ORM/UnitOfWork.php". The file was found but the class was not in it, the class name or namespace probably has a typo. at /Applications/MAMP/htdocs/todo-and-co/vendor/symfony/symfony/src/Symfony/Component/Debug/DebugClassLoader.php line 223) {"exception":"[object] (RuntimeException(code: 0): The autoloader expected class \"Doctrine\\ORM\\UnitOfWork\" to be defined in file \"/Applications/MAMP/htdocs/todo-and-co/vendor/composer/../doctrine/orm/lib/Doctrine/ORM/UnitOfWork.php\". The file was found but the class was not in it, the class name or namespace probably has a typo. at /Applications/MAMP/htdocs/todo-and-co/vendor/symfony/symfony/src/Symfony/Component/Debug/DebugClassLoader.php:223)"} []
[2020-06-19 18:53:20] request.CRITICAL: Uncaught PHP Exception RuntimeException: "The autoloader expected class "Doctrine\ORM\UnitOfWork" to be defined in file "/Applications/MAMP/htdocs/todo-and-co/vendor/composer/../doctrine/orm/lib/Doctrine/ORM/UnitOfWork.php". The file was found but the class was not in it, the class name or namespace probably has a typo." at /Applications/MAMP/htdocs/todo-and-co/vendor/symfony/symfony/src/Symfony/Component/Debug/DebugClassLoader.php line 223 {"exception":"[object] (RuntimeException(code: 0): The autoloader expected class \"Doctrine\\ORM\\UnitOfWork\" to be defined in file \"/Applications/MAMP/htdocs/todo-and-co/vendor/composer/../doctrine/orm/lib/Doctrine/ORM/UnitOfWork.php\". The file was found but the class was not in it, the class name or namespace probably has a typo. at /Applications/MAMP/htdocs/todo-and-co/vendor/symfony/symfony/src/Symfony/Component/Debug/DebugClassLoader.php:223, Symfony\\Component\\Debug\\Exception\\ContextErrorException(code: 0): Warning: \"continue\" targeting switch is equivalent to \"break\". Did you mean to use \"continue 2\"? at /Applications/MAMP/htdocs/todo-and-co/vendor/doctrine/orm/lib/Doctrine/ORM/UnitOfWork.php:2656)"} []
[2020-06-19 18:53:20] request.CRITICAL: Exception thrown when handling an exception (RuntimeException: The autoloader expected class "Doctrine\ORM\UnitOfWork" to be defined in file "/Applications/MAMP/htdocs/todo-and-co/vendor/composer/../doctrine/orm/lib/Doctrine/ORM/UnitOfWork.php". The file was found but the class was not in it, the class name or namespace probably has a typo. at /Applications/MAMP/htdocs/todo-and-co/vendor/symfony/symfony/src/Symfony/Component/Debug/DebugClassLoader.php line 223) {"exception":"[object] (RuntimeException(code: 0): The autoloader expected class \"Doctrine\\ORM\\UnitOfWork\" to be defined in file \"/Applications/MAMP/htdocs/todo-and-co/vendor/composer/../doctrine/orm/lib/Doctrine/ORM/UnitOfWork.php\". The file was found but the class was not in it, the class name or namespace probably has a typo. at /Applications/MAMP/htdocs/todo-and-co/vendor/symfony/symfony/src/Symfony/Component/Debug/DebugClassLoader.php:223)"} []
[2020-06-19 18:54:13] request.INFO: Matched route "{route}". {"route":"login","route_parameters":{"_controller":"AppBundle\\Controller\\SecurityController::loginAction","_route":"login"},"request_uri":"http://127.0.0.1:8000/login","method":"GET"} []
[2020-06-19 18:54:13] security.INFO: Populated the TokenStorage with an anonymous Token. [] []
[2020-06-19 18:54:13] request.CRITICAL: Uncaught PHP Exception Symfony\Component\Debug\Exception\ContextErrorException: "Warning: "continue" targeting switch is equivalent to "break". Did you mean to use "continue 2"?" at /Applications/MAMP/htdocs/todo-and-co/vendor/doctrine/orm/lib/Doctrine/ORM/UnitOfWork.php line 2627 {"exception":"[object] (Symfony\\Component\\Debug\\Exception\\ContextErrorException(code: 0): Warning: \"continue\" targeting switch is equivalent to \"break\". Did you mean to use \"continue 2\"? at /Applications/MAMP/htdocs/todo-and-co/vendor/doctrine/orm/lib/Doctrine/ORM/UnitOfWork.php:2627)"} []
[2020-06-19 18:54:13] request.CRITICAL: Exception thrown when handling an exception (RuntimeException: The autoloader expected class "Doctrine\ORM\UnitOfWork" to be defined in file "/Applications/MAMP/htdocs/todo-and-co/vendor/composer/../doctrine/orm/lib/Doctrine/ORM/UnitOfWork.php". The file was found but the class was not in it, the class name or namespace probably has a typo. at /Applications/MAMP/htdocs/todo-and-co/vendor/symfony/symfony/src/Symfony/Component/Debug/DebugClassLoader.php line 223) {"exception":"[object] (RuntimeException(code: 0): The autoloader expected class \"Doctrine\\ORM\\UnitOfWork\" to be defined in file \"/Applications/MAMP/htdocs/todo-and-co/vendor/composer/../doctrine/orm/lib/Doctrine/ORM/UnitOfWork.php\". The file was found but the class was not in it, the class name or namespace probably has a typo. at /Applications/MAMP/htdocs/todo-and-co/vendor/symfony/symfony/src/Symfony/Component/Debug/DebugClassLoader.php:223)"} []
[2020-06-19 18:54:13] request.CRITICAL: Uncaught PHP Exception RuntimeException: "The autoloader expected class "Doctrine\ORM\UnitOfWork" to be defined in file "/Applications/MAMP/htdocs/todo-and-co/vendor/composer/../doctrine/orm/lib/Doctrine/ORM/UnitOfWork.php". The file was found but the class was not in it, the class name or namespace probably has a typo." at /Applications/MAMP/htdocs/todo-and-co/vendor/symfony/symfony/src/Symfony/Component/Debug/DebugClassLoader.php line 223 {"exception":"[object] (RuntimeException(code: 0): The autoloader expected class \"Doctrine\\ORM\\UnitOfWork\" to be defined in file \"/Applications/MAMP/htdocs/todo-and-co/vendor/composer/../doctrine/orm/lib/Doctrine/ORM/UnitOfWork.php\". The file was found but the class was not in it, the class name or namespace probably has a typo. at /Applications/MAMP/htdocs/todo-and-co/vendor/symfony/symfony/src/Symfony/Component/Debug/DebugClassLoader.php:223, Symfony\\Component\\Debug\\Exception\\ContextErrorException(code: 0): Warning: \"continue\" targeting switch is equivalent to \"break\". Did you mean to use \"continue 2\"? at /Applications/MAMP/htdocs/todo-and-co/vendor/doctrine/orm/lib/Doctrine/ORM/UnitOfWork.php:2627)"} []
[2020-06-19 18:54:14] request.CRITICAL: Exception thrown when handling an exception (RuntimeException: The autoloader expected class "Doctrine\ORM\UnitOfWork" to be defined in file "/Applications/MAMP/htdocs/todo-and-co/vendor/composer/../doctrine/orm/lib/Doctrine/ORM/UnitOfWork.php". The file was found but the class was not in it, the class name or namespace probably has a typo. at /Applications/MAMP/htdocs/todo-and-co/vendor/symfony/symfony/src/Symfony/Component/Debug/DebugClassLoader.php line 223) {"exception":"[object] (RuntimeException(code: 0): The autoloader expected class \"Doctrine\\ORM\\UnitOfWork\" to be defined in file \"/Applications/MAMP/htdocs/todo-and-co/vendor/composer/../doctrine/orm/lib/Doctrine/ORM/UnitOfWork.php\". The file was found but the class was not in it, the class name or namespace probably has a typo. at /Applications/MAMP/htdocs/todo-and-co/vendor/symfony/symfony/src/Symfony/Component/Debug/DebugClassLoader.php:223)"} []
[2020-06-19 18:54:40] request.INFO: Matched route "{route}". {"route":"login","route_parameters":{"_controller":"AppBundle\\Controller\\SecurityController::loginAction","_route":"login"},"request_uri":"http://127.0.0.1:8000/login","method":"GET"} []
[2020-06-19 18:54:40] security.INFO: Populated the TokenStorage with an anonymous Token. [] []
[2020-06-19 18:54:40] request.ERROR: Uncaught PHP Exception Symfony\Component\HttpKernel\Exception\NotFoundHttpException: "No route found for "GET /js/jquery.js" (from "http://127.0.0.1:8000/login")" at /Applications/MAMP/htdocs/todo-and-co/var/cache/dev/classes.php line 2380 {"exception":"[object] (Symfony\\Component\\HttpKernel\\Exception\\NotFoundHttpException(code: 0): No route found for \"GET /js/jquery.js\" (from \"http://127.0.0.1:8000/login\") at /Applications/MAMP/htdocs/todo-and-co/var/cache/dev/classes.php:2380, Symfony\\Component\\Routing\\Exception\\ResourceNotFoundException(code: 0):  at /Applications/MAMP/htdocs/todo-and-co/var/cache/dev/appDevDebugProjectContainerUrlMatcher.php:179)"} []
[2020-06-19 18:54:41] request.INFO: Matched route "{route}". {"route":"_wdt","route_parameters":{"_controller":"web_profiler.controller.profiler:toolbarAction","token":"2123d0","_route":"_wdt"},"request_uri":"http://127.0.0.1:8000/_wdt/2123d0","method":"GET"} []
[2020-06-19 18:55:00] request.INFO: Matched route "{route}". {"route":"login","route_parameters":{"_controller":"AppBundle\\Controller\\SecurityController::loginAction","_route":"login"},"request_uri":"http://127.0.0.1:8000/login","method":"GET"} []
[2020-06-19 18:55:00] security.INFO: Populated the TokenStorage with an anonymous Token. [] []
[2020-06-19 18:55:00] request.ERROR: Uncaught PHP Exception Symfony\Component\HttpKernel\Exception\NotFoundHttpException: "No route found for "GET /js/jquery.js" (from "http://127.0.0.1:8000/login")" at /Applications/MAMP/htdocs/todo-and-co/var/cache/dev/classes.php line 2380 {"exception":"[object] (Symfony\\Component\\HttpKernel\\Exception\\NotFoundHttpException(code: 0): No route found for \"GET /js/jquery.js\" (from \"http://127.0.0.1:8000/login\") at /Applications/MAMP/htdocs/todo-and-co/var/cache/dev/classes.php:2380, Symfony\\Component\\Routing\\Exception\\ResourceNotFoundException(code: 0):  at /Applications/MAMP/htdocs/todo-and-co/var/cache/dev/appDevDebugProjectContainerUrlMatcher.php:179)"} []
[2020-06-19 18:55:00] request.INFO: Matched route "{route}". {"route":"_wdt","route_parameters":{"_controller":"web_profiler.controller.profiler:toolbarAction","token":"df0853","_route":"_wdt"},"request_uri":"http://127.0.0.1:8000/_wdt/df0853","method":"GET"} []
[2020-06-19 18:55:11] request.INFO: Matched route "{route}". {"route":"user_create","route_parameters":{"_controller":"AppBundle\\Controller\\UserController::createAction","_route":"user_create"},"request_uri":"http://127.0.0.1:8000/users/create","method":"GET"} []
[2020-06-19 18:55:11] security.INFO: Populated the TokenStorage with an anonymous Token. [] []
[2020-06-19 18:55:11] request.ERROR: Uncaught PHP Exception Symfony\Component\HttpKernel\Exception\NotFoundHttpException: "No route found for "GET /js/jquery.js" (from "http://127.0.0.1:8000/users/create")" at /Applications/MAMP/htdocs/todo-and-co/var/cache/dev/classes.php line 2380 {"exception":"[object] (Symfony\\Component\\HttpKernel\\Exception\\NotFoundHttpException(code: 0): No route found for \"GET /js/jquery.js\" (from \"http://127.0.0.1:8000/users/create\") at /Applications/MAMP/htdocs/todo-and-co/var/cache/dev/classes.php:2380, Symfony\\Component\\Routing\\Exception\\ResourceNotFoundException(code: 0):  at /Applications/MAMP/htdocs/todo-and-co/var/cache/dev/appDevDebugProjectContainerUrlMatcher.php:179)"} []
[2020-06-19 18:55:11] request.INFO: Matched route "{route}". {"route":"_wdt","route_parameters":{"_controller":"web_profiler.controller.profiler:toolbarAction","token":"0f0b3d","_route":"_wdt"},"request_uri":"http://127.0.0.1:8000/_wdt/0f0b3d","method":"GET"} []
[2020-06-19 18:55:28] php.DEBUG: unlink(web/bundles/framework): No such file or directory {"type":2,"file":"/Applications/MAMP/htdocs/todo-and-co/vendor/symfony/symfony/src/Symfony/Component/Filesystem/Filesystem.php","line":178,"level":28928} []
[2020-06-19 18:55:33] request.INFO: Matched route "{route}". {"route":"user_create","route_parameters":{"_controller":"AppBundle\\Controller\\UserController::createAction","_route":"user_create"},"request_uri":"http://127.0.0.1:8000/users/create","method":"GET"} []
[2020-06-19 18:55:33] security.INFO: Populated the TokenStorage with an anonymous Token. [] []
[2020-06-19 18:55:33] request.ERROR: Uncaught PHP Exception Symfony\Component\HttpKernel\Exception\NotFoundHttpException: "No route found for "GET /js/jquery.js" (from "http://127.0.0.1:8000/users/create")" at /Applications/MAMP/htdocs/todo-and-co/var/cache/dev/classes.php line 2380 {"exception":"[object] (Symfony\\Component\\HttpKernel\\Exception\\NotFoundHttpException(code: 0): No route found for \"GET /js/jquery.js\" (from \"http://127.0.0.1:8000/users/create\") at /Applications/MAMP/htdocs/todo-and-co/var/cache/dev/classes.php:2380, Symfony\\Component\\Routing\\Exception\\ResourceNotFoundException(code: 0):  at /Applications/MAMP/htdocs/todo-and-co/var/cache/dev/appDevDebugProjectContainerUrlMatcher.php:179)"} []
[2020-06-19 18:55:34] request.INFO: Matched route "{route}". {"route":"_wdt","route_parameters":{"_controller":"web_profiler.controller.profiler:toolbarAction","token":"f089dd","_route":"_wdt"},"request_uri":"http://127.0.0.1:8000/_wdt/f089dd","method":"GET"} []
[2020-06-19 18:56:15] request.INFO: Matched route "{route}". {"route":"homepage","route_parameters":{"_controller":"AppBundle\\Controller\\DefaultController::indexAction","_route":"homepage"},"request_uri":"http://127.0.0.1:8000/","method":"GET"} []
[2020-06-19 18:56:15] security.INFO: Populated the TokenStorage with an anonymous Token. [] []
[2020-06-19 18:56:15] security.DEBUG: Access denied, the user is not fully authenticated; redirecting to authentication entry point. {"exception":"[object] (Symfony\\Component\\Security\\Core\\Exception\\AccessDeniedException(code: 403): Access Denied. at /Applications/MAMP/htdocs/todo-and-co/vendor/symfony/symfony/src/Symfony/Component/Security/Http/Firewall/AccessListener.php:70)"} []
[2020-06-19 18:56:15] security.DEBUG: Calling Authentication entry point. [] []
[2020-06-19 18:56:15] request.INFO: Matched route "{route}". {"route":"login","route_parameters":{"_controller":"AppBundle\\Controller\\SecurityController::loginAction","_route":"login"},"request_uri":"http://127.0.0.1:8000/login","method":"GET"} []
[2020-06-19 18:56:15] security.INFO: Populated the TokenStorage with an anonymous Token. [] []
[2020-06-19 18:56:15] request.ERROR: Uncaught PHP Exception Symfony\Component\HttpKernel\Exception\NotFoundHttpException: "No route found for "GET /js/jquery.js" (from "http://127.0.0.1:8000/login")" at /Applications/MAMP/htdocs/todo-and-co/var/cache/dev/classes.php line 2380 {"exception":"[object] (Symfony\\Component\\HttpKernel\\Exception\\NotFoundHttpException(code: 0): No route found for \"GET /js/jquery.js\" (from \"http://127.0.0.1:8000/login\") at /Applications/MAMP/htdocs/todo-and-co/var/cache/dev/classes.php:2380, Symfony\\Component\\Routing\\Exception\\ResourceNotFoundException(code: 0):  at /Applications/MAMP/htdocs/todo-and-co/var/cache/dev/appDevDebugProjectContainerUrlMatcher.php:179)"} []
[2020-06-19 18:56:15] request.INFO: Matched route "{route}". {"route":"_wdt","route_parameters":{"_controller":"web_profiler.controller.profiler:toolbarAction","token":"194119","_route":"_wdt"},"request_uri":"http://127.0.0.1:8000/_wdt/194119","method":"GET"} []
[2020-06-19 18:58:21] doctrine.DEBUG: SHOW FULL TABLES WHERE Table_type = 'BASE TABLE' [] []
[2020-06-19 18:58:21] doctrine.DEBUG: SHOW FULL TABLES WHERE Table_type = 'BASE TABLE' [] []
[2020-06-19 18:58:21] doctrine.DEBUG: CREATE TABLE user (id INT AUTO_INCREMENT NOT NULL, username VARCHAR(25) NOT NULL, password VARCHAR(64) NOT NULL, email VARCHAR(60) NOT NULL, UNIQUE INDEX UNIQ_8D93D649F85E0677 (username), UNIQUE INDEX UNIQ_8D93D649E7927C74 (email), PRIMARY KEY(id)) DEFAULT CHARACTER SET utf8 COLLATE utf8_unicode_ci ENGINE = InnoDB [] []
[2020-06-19 18:58:21] doctrine.DEBUG: CREATE TABLE task (id INT AUTO_INCREMENT NOT NULL, created_at DATETIME NOT NULL, title VARCHAR(255) NOT NULL, content LONGTEXT NOT NULL, is_done TINYINT(1) NOT NULL, PRIMARY KEY(id)) DEFAULT CHARACTER SET utf8 COLLATE utf8_unicode_ci ENGINE = InnoDB [] []
[2020-06-23 16:35:51] request.INFO: Matched route "{route}". {"route":"login","route_parameters":{"_controller":"AppBundle\\Controller\\SecurityController::loginAction","_route":"login"},"request_uri":"http://127.0.0.1:8000/login","method":"GET"} []
[2020-06-23 16:35:51] security.INFO: Populated the TokenStorage with an anonymous Token. [] []
[2020-06-23 16:35:51] request.ERROR: Uncaught PHP Exception Symfony\Component\HttpKernel\Exception\NotFoundHttpException: "No route found for "GET /js/jquery.js" (from "http://127.0.0.1:8000/login")" at /Applications/MAMP/htdocs/todo-and-co/var/cache/dev/classes.php line 2380 {"exception":"[object] (Symfony\\Component\\HttpKernel\\Exception\\NotFoundHttpException(code: 0): No route found for \"GET /js/jquery.js\" (from \"http://127.0.0.1:8000/login\") at /Applications/MAMP/htdocs/todo-and-co/var/cache/dev/classes.php:2380, Symfony\\Component\\Routing\\Exception\\ResourceNotFoundException(code: 0):  at /Applications/MAMP/htdocs/todo-and-co/var/cache/dev/appDevDebugProjectContainerUrlMatcher.php:179)"} []
[2020-06-23 16:35:51] request.INFO: Matched route "{route}". {"route":"_wdt","route_parameters":{"_controller":"web_profiler.controller.profiler:toolbarAction","token":"67a01c","_route":"_wdt"},"request_uri":"http://127.0.0.1:8000/_wdt/67a01c","method":"GET"} []
[2020-06-25 20:10:22] request.INFO: Matched route "{route}". {"route":"homepage","route_parameters":{"_controller":"AppBundle\\Controller\\DefaultController::indexAction","_route":"homepage"},"request_uri":"http://127.0.0.1:8000/","method":"GET"} []
[2020-06-25 20:10:22] security.INFO: Populated the TokenStorage with an anonymous Token. [] []
[2020-06-25 20:10:22] security.DEBUG: Access denied, the user is not fully authenticated; redirecting to authentication entry point. {"exception":"[object] (Symfony\\Component\\Security\\Core\\Exception\\AccessDeniedException(code: 403): Access Denied. at /Applications/MAMP/htdocs/todo-and-co/vendor/symfony/symfony/src/Symfony/Component/Security/Http/Firewall/AccessListener.php:70)"} []
[2020-06-25 20:10:22] security.DEBUG: Calling Authentication entry point. [] []
[2020-06-25 20:10:22] request.INFO: Matched route "{route}". {"route":"login","route_parameters":{"_controller":"AppBundle\\Controller\\SecurityController::loginAction","_route":"login"},"request_uri":"http://127.0.0.1:8000/login","method":"GET"} []
[2020-06-25 20:10:22] security.INFO: Populated the TokenStorage with an anonymous Token. [] []
[2020-06-25 20:10:22] request.ERROR: Uncaught PHP Exception Symfony\Component\HttpKernel\Exception\NotFoundHttpException: "No route found for "GET /js/jquery.js" (from "http://127.0.0.1:8000/login")" at /Applications/MAMP/htdocs/todo-and-co/var/cache/dev/classes.php line 2380 {"exception":"[object] (Symfony\\Component\\HttpKernel\\Exception\\NotFoundHttpException(code: 0): No route found for \"GET /js/jquery.js\" (from \"http://127.0.0.1:8000/login\") at /Applications/MAMP/htdocs/todo-and-co/var/cache/dev/classes.php:2380, Symfony\\Component\\Routing\\Exception\\ResourceNotFoundException(code: 0):  at /Applications/MAMP/htdocs/todo-and-co/var/cache/dev/appDevDebugProjectContainerUrlMatcher.php:179)"} []
[2020-06-25 20:10:22] request.INFO: Matched route "{route}". {"route":"_wdt","route_parameters":{"_controller":"web_profiler.controller.profiler:toolbarAction","token":"bbed5d","_route":"_wdt"},"request_uri":"http://127.0.0.1:8000/_wdt/bbed5d","method":"GET"} []
